<?xml version="1.0" encoding="UTF-8"?>
<!-- Generated by org.testng.reporters.JUnitXMLReporter -->
<testsuite ignored="6" hostname="MBSIT" failures="0" tests="3" name="mytests" time="0.074" errors="0" timestamp="2023-06-12T17:06:30 IST">
  <testcase classname="day36.Grouping" name="signupByfacebook" time="0.012"/>
  <testcase classname="day36.Grouping" name="signupBytwitter" time="0.002"/>
  <testcase classname="day36.Grouping" name="paymentReturnbyBank" time="0.001"/>
  <testcase classname="day36.Grouping" name="signupByEmail" time="0.0">
    <ignored/>
  </testcase> <!-- signupByEmail -->
  <testcase classname="day36.Grouping" name="loginByEmail" time="0.0">
    <ignored/>
  </testcase> <!-- loginByEmail -->
  <testcase classname="day36.Grouping" name="loginByFacebook" time="0.0">
    <ignored/>
  </testcase> <!-- loginByFacebook -->
  <testcase classname="day36.Grouping" name="paymentinrupees" time="0.0">
    <ignored/>
  </testcase> <!-- paymentinrupees -->
  <testcase classname="day36.Grouping" name="paymentindollar" time="0.0">
    <ignored/>
  </testcase> <!-- paymentindollar -->
  <testcase classname="day36.Grouping" name="loginBytwitter" time="0.0">
    <ignored/>
  </testcase> <!-- loginBytwitter -->
</testsuite> <!-- mytests -->
