<?xml version="1.0" encoding="UTF-8"?>
<testng-results ignored="0" total="2" passed="2" failed="0" skipped="0">
  <reporter-output>
  </reporter-output>
  <suite started-at="2023-06-19T16:41:03 IST" name="Default suite" finished-at="2023-06-19T16:41:15 IST" duration-ms="11651">
    <groups>
    </groups>
    <test started-at="2023-06-19T16:41:03 IST" name="Default test" finished-at="2023-06-19T16:41:15 IST" duration-ms="11651">
      <class name="day39.LoginTest">
        <test-method is-config="true" signature="setup()[pri:0, instance:day39.LoginTest@4116aac9]" started-at="2023-06-19T16:41:03 IST" name="setup" finished-at="2023-06-19T16:41:12 IST" duration-ms="9393" status="PASS">
          <reporter-output>
          </reporter-output>
        </test-method> <!-- setup -->
        <test-method signature="testlogo()[pri:1, instance:day39.LoginTest@4116aac9]" started-at="2023-06-19T16:41:12 IST" name="testlogo" finished-at="2023-06-19T16:41:13 IST" duration-ms="497" status="PASS">
          <reporter-output>
          </reporter-output>
        </test-method> <!-- testlogo -->
        <test-method signature="testLogin()[pri:2, instance:day39.LoginTest@4116aac9]" started-at="2023-06-19T16:41:13 IST" name="testLogin" finished-at="2023-06-19T16:41:14 IST" duration-ms="1614" status="PASS">
          <reporter-output>
          </reporter-output>
        </test-method> <!-- testLogin -->
        <test-method is-config="true" signature="tearDown()[pri:0, instance:day39.LoginTest@4116aac9]" started-at="2023-06-19T16:41:14 IST" name="tearDown" finished-at="2023-06-19T16:41:15 IST" duration-ms="97" status="PASS">
          <reporter-output>
          </reporter-output>
        </test-method> <!-- tearDown -->
      </class> <!-- day39.LoginTest -->
    </test> <!-- Default test -->
  </suite> <!-- Default suite -->
</testng-results>
